SonarQube plugins:
  - SonarCSS 1.0.3.724 (cssfamily)
  - Bitbucket Authentication for SonarQube 1.2.0.412 (authbitbucket)
  - SonarPLSQL 3.3.0.2273 (plsql)
  - SonarScala 1.4.0.155 (sonarscala)
  - SonarC# 7.9.1.7622 (csharp)
  - Vulnerability Analysis 7.5.0.2620 (security)
  - SonarJava 5.9.2.16552 (java)
  - SonarHTML 3.0.1.1444 (web)
  - SonarFlex 2.4.0.1222 (flex)
  - SonarXML 1.5.1.1452 (xml)
  - SonarTS 1.8.0.3332 (typescript)
  - SonarVB 7.9.1.7622 (vbnet)
  - SonarSwift 4.0.0.2853 (swift)
  - SonarCFamily 6.0.0.10816 (cpp)
  - SonarPython 1.10.0.2131 (python)
  - GitHub Authentication for SonarQube 1.5.0.843 (authgithub)
  - JaCoCo 1.0.1.143 (jacoco)
  - Mercurial 1.1.2 (scmmercurial)
  - SonarGo 1.1.0.1612 (go)
  - SonarKotlin 1.4.0.155 (kotlin)
  - Microsoft Authentication for SonarCloud 1.0.0.212 (authmicrosoft)
  - SonarTSQL 1.3.1.3067 (tsql)
  - SonarApex 1.4.0.155 (sonarapex)
  - SonarJS 5.0.0.6962 (javascript)
  - SonarRuby 1.4.0.155 (ruby)
  - Vulnerability Rules for C# 7.5.0.2620 (securitycsharpfrontend)
  - Vulnerability Rules for Java 7.5.0.2620 (securityjavafrontend)
  - License for SonarLint 7.6.0.20657 (license)
  - Git 1.6.1.1424 (scmgit)
  - SonarPHP 2.15.0.4060 (php)
  - SonarABAP 3.7.0.1603 (abap)
Global properties:
  - email.from=noreply@sonarcloud.io
  - email.prefix=[SonarCloud]
  - sonar.auth.bitbucket.enabled=true
  - sonar.auth.github.allowUsersToSignUp=true
  - sonar.auth.github.enabled=true
  - sonar.auth.microsoft.enabled=true
  - sonar.core.id=BD367519-AWHW8ct9-T_TB3XqouNu
  - sonar.core.serverBaseURL=https://sonarcloud.io
  - sonar.core.startTime=2018-12-21T09:49:54+0100
  - sonar.cpd.cross_project=false
  - sonar.dbcleaner.weeksBeforeDeletingAllSnapshots=480
  - sonar.dbcleaner.weeksBeforeKeepingOnlyOneSnapshotByMonth=4
  - sonar.dbcleaner.weeksBeforeKeepingOnlyOneSnapshotByWeek=1
  - sonar.html.file.suffixes=.html,.xhtml,.jspf,.jspx,.cshtml,.vbhtml,.aspx,.ascx,.rhtml,.erb,.shtm,.shtml,.jsp
  - sonar.java.collectAnalysisErrors=true
  - sonar.leak.period=30
  - sonar.lf.aboutText=<div class="boxed-group" style="border: none; border-radius: 3px;">
  <div class="boxed-group-inner clearfix" style="padding: 30px; border-radius: 3px; border: #e6e6e6 1px solid; background: #f3f3f3;">
    <div style="overflow: hidden; line-height: 1.5; font-size: 16px;">
      <p>
Analyze your open source and private projects on SonarCloud.
Select your <a href="https://about.sonarcloud.io">plan</a> and start improving. 
      </p>
    </div>
  </div>
</div>
  - sonar.lf.enableGravatar=true
  - sonar.lf.logoWidthPx=105
  - sonar.onboardingTutorial.showToNewUsers=true
  - sonar.organizations.anyoneCanCreate=true
  - sonar.organizations.createPersonalOrg=true
  - sonar.plsql.file.suffixes=sql,tab,pkb
  - sonar.tsql.file.suffixes=.tsql
Settings for module: hv78_itemtest
  - sonar.host.url=https://sonarcloud.io
  - sonar.login=******
  - sonar.organization=hv78-github
  - sonar.projectBaseDir=C:\xampp\htdocs\item2
  - sonar.projectKey=hv78_itemtest
  - sonar.scanner.app=ScannerCli
  - sonar.scanner.appVersion=3.2.0.1227
  - sonar.sourceEncoding=UTF-8
  - sonar.sources=.
  - sonar.working.directory=C:\xampp\htdocs\item2\.scannerwork
